TN:
SF:cache.js
FN:4,(anonymous_0)
FN:9,(anonymous_1)
FN:19,(anonymous_2)
FN:24,(anonymous_3)
FN:28,(anonymous_4)
FN:33,(anonymous_5)
FN:45,(anonymous_6)
FN:59,(anonymous_7)
FN:73,(anonymous_8)
FN:87,(anonymous_9)
FN:105,(anonymous_10)
FN:117,(anonymous_11)
FN:123,(anonymous_12)
FN:128,(anonymous_13)
FNF:14
FNH:0
FNDA:0,(anonymous_0)
FNDA:0,(anonymous_1)
FNDA:0,(anonymous_2)
FNDA:0,(anonymous_3)
FNDA:0,(anonymous_4)
FNDA:0,(anonymous_5)
FNDA:0,(anonymous_6)
FNDA:0,(anonymous_7)
FNDA:0,(anonymous_8)
FNDA:0,(anonymous_9)
FNDA:0,(anonymous_10)
FNDA:0,(anonymous_11)
FNDA:0,(anonymous_12)
FNDA:0,(anonymous_13)
DA:5,0
DA:6,0
DA:10,0
DA:11,0
DA:19,0
DA:20,0
DA:21,0
DA:24,0
DA:25,0
DA:28,0
DA:29,0
DA:30,0
DA:33,0
DA:34,0
DA:35,0
DA:38,0
DA:40,0
DA:41,0
DA:46,0
DA:47,0
DA:50,0
DA:51,0
DA:52,0
DA:54,0
DA:55,0
DA:60,0
DA:61,0
DA:64,0
DA:65,0
DA:66,0
DA:68,0
DA:69,0
DA:74,0
DA:75,0
DA:78,0
DA:79,0
DA:80,0
DA:82,0
DA:83,0
DA:88,0
DA:89,0
DA:92,0
DA:93,0
DA:94,0
DA:95,0
DA:96,0
DA:98,0
DA:100,0
DA:101,0
DA:106,0
DA:107,0
DA:108,0
DA:109,0
DA:111,0
DA:118,0
DA:119,0
DA:124,0
DA:129,0
LF:58
LH:0
BRDA:12,0,0,0
BRDA:12,0,1,0
BRDA:46,1,0,0
BRDA:46,1,1,0
BRDA:46,2,0,0
BRDA:46,2,1,0
BRDA:52,3,0,0
BRDA:52,3,1,0
BRDA:59,4,0,0
BRDA:60,5,0,0
BRDA:60,5,1,0
BRDA:60,6,0,0
BRDA:60,6,1,0
BRDA:74,7,0,0
BRDA:74,7,1,0
BRDA:74,8,0,0
BRDA:74,8,1,0
BRDA:88,9,0,0
BRDA:88,9,1,0
BRDA:88,10,0,0
BRDA:88,10,1,0
BRDA:94,11,0,0
BRDA:94,11,1,0
BRDA:106,12,0,0
BRDA:106,12,1,0
BRDA:117,13,0,0
BRDA:118,14,0,0
BRDA:118,15,0,0
BRDA:118,16,0,0
BRDA:118,17,0,0
BRF:30
BRH:0
end_of_record
TN:
SF:ecosystem.config.js
FNF:0
FNH:0
DA:1,0
LF:1
LH:0
BRF:0
BRH:0
end_of_record
TN:
SF:fix-database.js
FNF:0
FNH:0
LF:0
LH:0
BRF:0
BRH:0
end_of_record
TN:
SF:server-production.js
FN:49,(anonymous_0)
FN:56,(anonymous_1)
FN:75,(anonymous_2)
FN:139,(anonymous_3)
FN:147,(anonymous_4)
FN:168,(anonymous_5)
FN:195,(anonymous_6)
FN:204,(anonymous_7)
FN:250,(anonymous_8)
FN:264,(anonymous_9)
FN:286,(anonymous_10)
FN:329,(anonymous_11)
FN:348,(anonymous_12)
FN:369,(anonymous_13)
FN:379,(anonymous_14)
FN:385,(anonymous_15)
FN:393,(anonymous_16)
FNF:17
FNH:0
FNDA:0,(anonymous_0)
FNDA:0,(anonymous_1)
FNDA:0,(anonymous_2)
FNDA:0,(anonymous_3)
FNDA:0,(anonymous_4)
FNDA:0,(anonymous_5)
FNDA:0,(anonymous_6)
FNDA:0,(anonymous_7)
FNDA:0,(anonymous_8)
FNDA:0,(anonymous_9)
FNDA:0,(anonymous_10)
FNDA:0,(anonymous_11)
FNDA:0,(anonymous_12)
FNDA:0,(anonymous_13)
FNDA:0,(anonymous_14)
FNDA:0,(anonymous_15)
FNDA:0,(anonymous_16)
DA:10,0
DA:12,0
DA:13,0
DA:15,0
DA:16,0
DA:19,0
DA:34,0
DA:45,0
DA:46,0
DA:49,0
DA:50,0
DA:51,0
DA:52,0
DA:53,0
DA:54,0
DA:56,0
DA:57,0
DA:58,0
DA:59,0
DA:63,0
DA:71,0
DA:72,0
DA:75,0
DA:77,0
DA:98,0
DA:128,0
DA:136,0
DA:139,0
DA:140,0
DA:141,0
DA:147,0
DA:148,0
DA:149,0
DA:159,0
DA:160,0
DA:162,0
DA:163,0
DA:168,0
DA:169,0
DA:170,0
DA:173,0
DA:174,0
DA:176,0
DA:177,0
DA:181,0
DA:182,0
DA:184,0
DA:189,0
DA:190,0
DA:195,0
DA:196,0
DA:197,0
DA:199,0
DA:200,0
DA:204,0
DA:228,0
DA:229,0
DA:231,0
DA:239,0
DA:248,0
DA:250,0
DA:252,0
DA:260,0
DA:263,0
DA:264,0
DA:265,0
DA:278,0
DA:280,0
DA:281,0
DA:286,0
DA:287,0
DA:288,0
DA:289,0
DA:291,0
DA:305,0
DA:317,0
DA:318,0
DA:321,0
DA:323,0
DA:324,0
DA:329,0
DA:330,0
DA:331,0
DA:333,0
DA:334,0
DA:336,0
DA:337,0
DA:340,0
DA:342,0
DA:343,0
DA:348,0
DA:349,0
DA:350,0
DA:351,0
DA:354,0
DA:358,0
DA:363,0
DA:364,0
DA:369,0
DA:370,0
DA:379,0
DA:380,0
DA:381,0
DA:385,0
DA:386,0
DA:387,0
DA:388,0
DA:389,0
DA:393,0
DA:394,0
DA:395,0
DA:396,0
LF:112
LH:0
BRDA:16,0,0,0
BRDA:16,0,1,0
BRDA:35,1,0,0
BRDA:35,1,1,0
BRDA:50,2,0,0
BRDA:50,2,1,0
BRDA:50,3,0,0
BRDA:50,3,1,0
BRDA:51,4,0,0
BRDA:51,4,1,0
BRDA:51,5,0,0
BRDA:51,5,1,0
BRDA:54,6,0,0
BRDA:54,6,1,0
BRDA:56,7,0,0
BRDA:57,8,0,0
BRDA:57,8,1,0
BRDA:57,9,0,0
BRDA:57,9,1,0
BRDA:59,10,0,0
BRDA:59,10,1,0
BRDA:71,11,0,0
BRDA:71,11,1,0
BRDA:176,12,0,0
BRDA:176,12,1,0
BRDA:197,13,0,0
BRDA:197,13,1,0
BRDA:199,14,0,0
BRDA:199,14,1,0
BRDA:199,15,0,0
BRDA:199,15,1,0
BRDA:199,15,2,0
BRDA:199,15,3,0
BRDA:204,16,0,0
BRDA:204,16,1,0
BRDA:211,17,0,0
BRDA:211,17,1,0
BRDA:212,18,0,0
BRDA:212,18,1,0
BRDA:253,19,0,0
BRDA:253,19,1,0
BRDA:254,20,0,0
BRDA:254,20,1,0
BRDA:254,21,0,0
BRDA:254,21,1,0
BRDA:254,22,0,0
BRDA:254,22,1,0
BRDA:255,23,0,0
BRDA:255,23,1,0
BRDA:255,24,0,0
BRDA:255,24,1,0
BRDA:256,25,0,0
BRDA:256,25,1,0
BRDA:256,26,0,0
BRDA:256,26,1,0
BRDA:263,27,0,0
BRDA:263,27,1,0
BRDA:263,28,0,0
BRDA:263,28,1,0
BRDA:272,29,0,0
BRDA:272,29,1,0
BRDA:272,30,0,0
BRDA:272,30,1,0
BRDA:280,31,0,0
BRDA:280,31,1,0
BRDA:281,32,0,0
BRDA:281,32,1,0
BRDA:289,33,0,0
BRDA:289,33,1,0
BRDA:306,34,0,0
BRDA:306,34,1,0
BRDA:307,35,0,0
BRDA:307,35,1,0
BRDA:308,36,0,0
BRDA:308,36,1,0
BRDA:309,37,0,0
BRDA:309,37,1,0
BRDA:310,38,0,0
BRDA:310,38,1,0
BRDA:311,39,0,0
BRDA:311,39,1,0
BRDA:312,40,0,0
BRDA:312,40,1,0
BRDA:313,41,0,0
BRDA:313,41,1,0
BRDA:313,42,0,0
BRDA:313,42,1,0
BRDA:317,43,0,0
BRDA:317,43,1,0
BRDA:323,44,0,0
BRDA:323,44,1,0
BRDA:324,45,0,0
BRDA:324,45,1,0
BRDA:336,46,0,0
BRDA:336,46,1,0
BRDA:350,47,0,0
BRDA:350,47,1,0
BRF:97
BRH:0
end_of_record
TN:
SF:server.js
FN:38,(anonymous_0)
FN:82,(anonymous_1)
FN:106,(anonymous_2)
FN:170,(anonymous_3)
FN:177,(anonymous_4)
FN:250,(anonymous_5)
FN:289,(anonymous_6)
FN:318,(anonymous_7)
FN:356,(anonymous_8)
FN:391,(anonymous_9)
FN:420,(anonymous_10)
FN:425,(anonymous_11)
FN:430,(anonymous_12)
FN:472,(anonymous_13)
FN:531,(anonymous_14)
FNF:15
FNH:0
FNDA:0,(anonymous_0)
FNDA:0,(anonymous_1)
FNDA:0,(anonymous_2)
FNDA:0,(anonymous_3)
FNDA:0,(anonymous_4)
FNDA:0,(anonymous_5)
FNDA:0,(anonymous_6)
FNDA:0,(anonymous_7)
FNDA:0,(anonymous_8)
FNDA:0,(anonymous_9)
FNDA:0,(anonymous_10)
FNDA:0,(anonymous_11)
FNDA:0,(anonymous_12)
FNDA:0,(anonymous_13)
FNDA:0,(anonymous_14)
DA:12,0
DA:14,0
DA:15,0
DA:17,0
DA:18,0
DA:21,0
DA:34,0
DA:35,0
DA:36,0
DA:38,0
DA:39,0
DA:40,0
DA:42,0
DA:43,0
DA:45,0
DA:47,0
DA:49,0
DA:51,0
DA:53,0
DA:54,0
DA:61,0
DA:64,0
DA:71,0
DA:72,0
DA:75,0
DA:84,0
DA:85,0
DA:87,0
DA:93,0
DA:94,0
DA:100,0
DA:101,0
DA:102,0
DA:103,0
DA:106,0
DA:108,0
DA:129,0
DA:159,0
DA:167,0
DA:170,0
DA:171,0
DA:177,0
DA:178,0
DA:179,0
DA:180,0
DA:183,0
DA:184,0
DA:185,0
DA:186,0
DA:190,0
DA:191,0
DA:193,0
DA:194,0
DA:195,0
DA:196,0
DA:199,0
DA:200,0
DA:201,0
DA:204,0
DA:206,0
DA:219,0
DA:225,0
DA:226,0
DA:228,0
DA:239,0
DA:240,0
DA:242,0
DA:244,0
DA:245,0
DA:250,0
DA:251,0
DA:252,0
DA:253,0
DA:256,0
DA:257,0
DA:258,0
DA:259,0
DA:263,0
DA:264,0
DA:266,0
DA:267,0
DA:271,0
DA:272,0
DA:275,0
DA:278,0
DA:279,0
DA:281,0
DA:283,0
DA:284,0
DA:289,0
DA:290,0
DA:291,0
DA:294,0
DA:295,0
DA:299,0
DA:304,0
DA:307,0
DA:308,0
DA:318,0
DA:319,0
DA:345,0
DA:346,0
DA:348,0
DA:350,0
DA:351,0
DA:356,0
DA:357,0
DA:358,0
DA:359,0
DA:362,0
DA:363,0
DA:365,0
DA:366,0
DA:370,0
DA:376,0
DA:379,0
DA:380,0
DA:381,0
DA:383,0
DA:385,0
DA:386,0
DA:391,0
DA:392,0
DA:393,0
DA:396,0
DA:397,0
DA:399,0
DA:400,0
DA:404,0
DA:405,0
DA:408,0
DA:409,0
DA:410,0
DA:412,0
DA:414,0
DA:415,0
DA:420,0
DA:421,0
DA:425,0
DA:426,0
DA:430,0
DA:431,0
DA:432,0
DA:433,0
DA:439,0
DA:442,0
DA:443,0
DA:450,0
DA:451,0
DA:453,0
DA:462,0
DA:463,0
DA:472,0
DA:473,0
DA:475,0
DA:476,0
DA:477,0
DA:479,0
DA:480,0
DA:486,0
DA:489,0
DA:490,0
DA:496,0
DA:499,0
DA:500,0
DA:508,0
DA:510,0
DA:521,0
DA:522,0
DA:531,0
DA:532,0
DA:533,0
LF:172
LH:0
BRDA:18,0,0,0
BRDA:18,0,1,0
BRDA:39,1,0,0
BRDA:39,1,1,0
BRDA:42,2,0,0
BRDA:42,2,1,0
BRDA:47,3,0,0
BRDA:47,3,1,0
BRDA:53,4,0,0
BRDA:53,4,1,0
BRDA:65,5,0,0
BRDA:65,5,1,0
BRDA:84,6,0,0
BRDA:84,6,1,0
BRDA:84,7,0,0
BRDA:84,7,1,0
BRDA:84,7,2,0
BRDA:93,8,0,0
BRDA:93,8,1,0
BRDA:95,9,0,0
BRDA:95,9,1,0
BRDA:179,10,0,0
BRDA:179,11,0,0
BRDA:179,12,0,0
BRDA:179,13,0,0
BRDA:184,14,0,0
BRDA:184,14,1,0
BRDA:193,15,0,0
BRDA:193,15,1,0
BRDA:199,16,0,0
BRDA:199,16,1,0
BRDA:257,17,0,0
BRDA:257,17,1,0
BRDA:266,18,0,0
BRDA:266,18,1,0
BRDA:294,19,0,0
BRDA:294,19,1,0
BRDA:294,20,0,0
BRDA:294,20,1,0
BRDA:294,20,2,0
BRDA:294,20,3,0
BRDA:294,20,4,0
BRDA:294,20,5,0
BRDA:307,21,0,0
BRDA:307,21,1,0
BRDA:307,22,0,0
BRDA:307,22,1,0
BRDA:365,23,0,0
BRDA:365,23,1,0
BRDA:399,24,0,0
BRDA:399,24,1,0
BRDA:432,25,0,0
BRDA:432,25,1,0
BRDA:442,26,0,0
BRDA:442,26,1,0
BRDA:477,27,0,0
BRDA:477,27,1,0
BRDA:479,28,0,0
BRDA:479,28,1,0
BRDA:489,29,0,0
BRDA:489,29,1,0
BRDA:499,30,0,0
BRDA:499,30,1,0
BRF:63
BRH:0
end_of_record
TN:
SF:xmlValidator.js
FN:14,(anonymous_0)
FN:22,(anonymous_1)
FN:501,(anonymous_2)
FN:526,(anonymous_3)
FN:645,(anonymous_4)
FN:704,(anonymous_5)
FNF:6
FNH:0
FNDA:0,(anonymous_0)
FNDA:0,(anonymous_1)
FNDA:0,(anonymous_2)
FNDA:0,(anonymous_3)
FNDA:0,(anonymous_4)
FNDA:0,(anonymous_5)
DA:7,0
DA:8,0
DA:15,0
DA:16,0
DA:23,0
DA:25,0
DA:489,0
DA:490,0
DA:492,0
DA:502,0
DA:509,0
DA:511,0
DA:514,0
DA:515,0
DA:516,0
DA:519,0
DA:526,0
DA:527,0
DA:528,0
DA:529,0
DA:534,0
DA:535,0
DA:536,0
DA:537,0
DA:538,0
DA:540,0
DA:543,0
DA:547,0
DA:548,0
DA:549,0
DA:550,0
DA:551,0
DA:553,0
DA:558,0
DA:559,0
DA:561,0
DA:562,0
DA:564,0
DA:565,0
DA:566,0
DA:567,0
DA:569,0
DA:572,0
DA:573,0
DA:574,0
DA:575,0
DA:577,0
DA:583,0
DA:584,0
DA:586,0
DA:587,0
DA:588,0
DA:589,0
DA:593,0
DA:594,0
DA:595,0
DA:596,0
DA:597,0
DA:599,0
DA:604,0
DA:605,0
DA:606,0
DA:607,0
DA:608,0
DA:610,0
DA:614,0
DA:615,0
DA:616,0
DA:617,0
DA:618,0
DA:619,0
DA:624,0
DA:626,0
DA:627,0
DA:629,0
DA:633,0
DA:634,0
DA:637,0
DA:646,0
DA:655,0
DA:656,0
DA:659,0
DA:660,0
DA:661,0
DA:665,0
DA:666,0
DA:667,0
DA:671,0
DA:672,0
DA:673,0
DA:677,0
DA:678,0
DA:679,0
DA:683,0
DA:684,0
DA:685,0
DA:689,0
DA:690,0
DA:693,0
DA:696,0
DA:705,0
DA:706,0
DA:707,0
DA:709,0
DA:715,0
LF:105
LH:0
BRDA:528,0,0,0
BRDA:528,0,1,0
BRDA:535,1,0,0
BRDA:535,1,1,0
BRDA:537,2,0,0
BRDA:537,2,1,0
BRDA:548,3,0,0
BRDA:548,3,1,0
BRDA:550,4,0,0
BRDA:550,4,1,0
BRDA:550,5,0,0
BRDA:550,5,1,0
BRDA:561,6,0,0
BRDA:561,6,1,0
BRDA:561,7,0,0
BRDA:561,7,1,0
BRDA:564,8,0,0
BRDA:564,8,1,0
BRDA:566,9,0,0
BRDA:566,9,1,0
BRDA:572,10,0,0
BRDA:572,10,1,0
BRDA:574,11,0,0
BRDA:574,11,1,0
BRDA:586,12,0,0
BRDA:586,12,1,0
BRDA:588,13,0,0
BRDA:588,13,1,0
BRDA:594,14,0,0
BRDA:594,14,1,0
BRDA:596,15,0,0
BRDA:596,15,1,0
BRDA:596,16,0,0
BRDA:596,16,1,0
BRDA:605,17,0,0
BRDA:605,17,1,0
BRDA:607,18,0,0
BRDA:607,18,1,0
BRDA:615,19,0,0
BRDA:615,19,1,0
BRDA:617,20,0,0
BRDA:617,20,1,0
BRDA:618,21,0,0
BRDA:618,21,1,0
BRDA:626,22,0,0
BRDA:626,22,1,0
BRDA:660,23,0,0
BRDA:660,23,1,0
BRDA:666,24,0,0
BRDA:666,24,1,0
BRDA:672,25,0,0
BRDA:672,25,1,0
BRDA:678,26,0,0
BRDA:678,26,1,0
BRDA:684,27,0,0
BRDA:684,27,1,0
BRF:56
BRH:0
end_of_record
